<?xml version="1.0" encoding="UTF-8"?>
<testsuite xmlns:xsi="http://www.w3.org/2001/XMLSchema-instance" xsi:noNamespaceSchemaLocation="https://maven.apache.org/surefire/maven-surefire-plugin/xsd/surefire-test-report-3.0.xsd" version="3.0" name="com.michal.calculator.application.core.CalculationHandlerTest" time="0.131" tests="18" errors="0" skipped="0" failures="0">
  <properties>
    <property name="java.specification.version" value="17"/>
    <property name="sun.cpu.isalist" value="amd64"/>
    <property name="sun.jnu.encoding" value="Cp1250"/>
    <property name="java.class.path" value="E:\CodeCool\storeware calculator\storeware calculator\simple-calculator\target\test-classes;E:\CodeCool\storeware calculator\storeware calculator\simple-calculator\target\classes;C:\Users\IKU.PL\.m2\repository\org\projectlombok\lombok\1.18.24\lombok-1.18.24.jar;C:\Users\IKU.PL\.m2\repository\org\assertj\assertj-core\3.23.1\assertj-core-3.23.1.jar;C:\Users\IKU.PL\.m2\repository\net\bytebuddy\byte-buddy\1.14.11\byte-buddy-1.14.11.jar;C:\Users\IKU.PL\.m2\repository\org\junit\jupiter\junit-jupiter-params\5.9.2\junit-jupiter-params-5.9.2.jar;C:\Users\IKU.PL\.m2\repository\org\junit\jupiter\junit-jupiter-api\5.10.1\junit-jupiter-api-5.10.1.jar;C:\Users\IKU.PL\.m2\repository\org\opentest4j\opentest4j\1.3.0\opentest4j-1.3.0.jar;C:\Users\IKU.PL\.m2\repository\org\junit\platform\junit-platform-commons\1.10.1\junit-platform-commons-1.10.1.jar;C:\Users\IKU.PL\.m2\repository\org\apiguardian\apiguardian-api\1.1.2\apiguardian-api-1.1.2.jar;C:\Users\IKU.PL\.m2\repository\commons-validator\commons-validator\1.7\commons-validator-1.7.jar;C:\Users\IKU.PL\.m2\repository\commons-beanutils\commons-beanutils\1.9.4\commons-beanutils-1.9.4.jar;C:\Users\IKU.PL\.m2\repository\commons-digester\commons-digester\2.1\commons-digester-2.1.jar;C:\Users\IKU.PL\.m2\repository\commons-logging\commons-logging\1.2\commons-logging-1.2.jar;C:\Users\IKU.PL\.m2\repository\commons-collections\commons-collections\3.2.2\commons-collections-3.2.2.jar;C:\Users\IKU.PL\.m2\repository\org\springframework\spring-web\6.1.3\spring-web-6.1.3.jar;C:\Users\IKU.PL\.m2\repository\org\springframework\spring-beans\6.1.3\spring-beans-6.1.3.jar;C:\Users\IKU.PL\.m2\repository\org\springframework\spring-core\6.1.3\spring-core-6.1.3.jar;C:\Users\IKU.PL\.m2\repository\org\springframework\spring-jcl\6.1.3\spring-jcl-6.1.3.jar;C:\Users\IKU.PL\.m2\repository\io\micrometer\micrometer-observation\1.12.2\micrometer-observation-1.12.2.jar;C:\Users\IKU.PL\.m2\repository\io\micrometer\micrometer-commons\1.12.2\micrometer-commons-1.12.2.jar;"/>
    <property name="java.vm.vendor" value="Amazon.com Inc."/>
    <property name="sun.arch.data.model" value="64"/>
    <property name="user.variant" value=""/>
    <property name="java.vendor.url" value="https://aws.amazon.com/corretto/"/>
    <property name="user.timezone" value="Europe/Warsaw"/>
    <property name="os.name" value="Windows 10"/>
    <property name="java.vm.specification.version" value="17"/>
    <property name="sun.java.launcher" value="SUN_STANDARD"/>
    <property name="user.country" value="PL"/>
    <property name="sun.boot.library.path" value="C:\Users\IKU.PL\.jdks\corretto-17.0.5\bin"/>
    <property name="sun.java.command" value="C:\Users\IKU.PL\AppData\Local\Temp\surefire8914474294767218706\surefirebooter-20240311121531527_3.jar C:\Users\IKU.PL\AppData\Local\Temp\surefire8914474294767218706 2024-03-11T12-15-31_396-jvmRun1 surefire-20240311121531527_1tmp surefire_0-20240311121531527_2tmp"/>
    <property name="jdk.debug" value="release"/>
    <property name="surefire.test.class.path" value="E:\CodeCool\storeware calculator\storeware calculator\simple-calculator\target\test-classes;E:\CodeCool\storeware calculator\storeware calculator\simple-calculator\target\classes;C:\Users\IKU.PL\.m2\repository\org\projectlombok\lombok\1.18.24\lombok-1.18.24.jar;C:\Users\IKU.PL\.m2\repository\org\assertj\assertj-core\3.23.1\assertj-core-3.23.1.jar;C:\Users\IKU.PL\.m2\repository\net\bytebuddy\byte-buddy\1.14.11\byte-buddy-1.14.11.jar;C:\Users\IKU.PL\.m2\repository\org\junit\jupiter\junit-jupiter-params\5.9.2\junit-jupiter-params-5.9.2.jar;C:\Users\IKU.PL\.m2\repository\org\junit\jupiter\junit-jupiter-api\5.10.1\junit-jupiter-api-5.10.1.jar;C:\Users\IKU.PL\.m2\repository\org\opentest4j\opentest4j\1.3.0\opentest4j-1.3.0.jar;C:\Users\IKU.PL\.m2\repository\org\junit\platform\junit-platform-commons\1.10.1\junit-platform-commons-1.10.1.jar;C:\Users\IKU.PL\.m2\repository\org\apiguardian\apiguardian-api\1.1.2\apiguardian-api-1.1.2.jar;C:\Users\IKU.PL\.m2\repository\commons-validator\commons-validator\1.7\commons-validator-1.7.jar;C:\Users\IKU.PL\.m2\repository\commons-beanutils\commons-beanutils\1.9.4\commons-beanutils-1.9.4.jar;C:\Users\IKU.PL\.m2\repository\commons-digester\commons-digester\2.1\commons-digester-2.1.jar;C:\Users\IKU.PL\.m2\repository\commons-logging\commons-logging\1.2\commons-logging-1.2.jar;C:\Users\IKU.PL\.m2\repository\commons-collections\commons-collections\3.2.2\commons-collections-3.2.2.jar;C:\Users\IKU.PL\.m2\repository\org\springframework\spring-web\6.1.3\spring-web-6.1.3.jar;C:\Users\IKU.PL\.m2\repository\org\springframework\spring-beans\6.1.3\spring-beans-6.1.3.jar;C:\Users\IKU.PL\.m2\repository\org\springframework\spring-core\6.1.3\spring-core-6.1.3.jar;C:\Users\IKU.PL\.m2\repository\org\springframework\spring-jcl\6.1.3\spring-jcl-6.1.3.jar;C:\Users\IKU.PL\.m2\repository\io\micrometer\micrometer-observation\1.12.2\micrometer-observation-1.12.2.jar;C:\Users\IKU.PL\.m2\repository\io\micrometer\micrometer-commons\1.12.2\micrometer-commons-1.12.2.jar;"/>
    <property name="sun.cpu.endian" value="little"/>
    <property name="user.home" value="C:\Users\IKU.PL"/>
    <property name="user.language" value="pl"/>
    <property name="java.specification.vendor" value="Oracle Corporation"/>
    <property name="java.version.date" value="2022-10-18"/>
    <property name="java.home" value="C:\Users\IKU.PL\.jdks\corretto-17.0.5"/>
    <property name="file.separator" value="\"/>
    <property name="basedir" value="E:\CodeCool\storeware calculator\storeware calculator\simple-calculator"/>
    <property name="java.vm.compressedOopsMode" value="Zero based"/>
    <property name="line.separator" value="&#10;"/>
    <property name="java.vm.specification.vendor" value="Oracle Corporation"/>
    <property name="java.specification.name" value="Java Platform API Specification"/>
    <property name="surefire.real.class.path" value="C:\Users\IKU.PL\AppData\Local\Temp\surefire8914474294767218706\surefirebooter-20240311121531527_3.jar"/>
    <property name="user.script" value=""/>
    <property name="sun.management.compiler" value="HotSpot 64-Bit Tiered Compilers"/>
    <property name="java.runtime.version" value="17.0.5+8-LTS"/>
    <property name="user.name" value="IKU.PL"/>
    <property name="path.separator" value=";"/>
    <property name="os.version" value="10.0"/>
    <property name="java.runtime.name" value="OpenJDK Runtime Environment"/>
    <property name="file.encoding" value="Cp1250"/>
    <property name="java.vm.name" value="OpenJDK 64-Bit Server VM"/>
    <property name="java.vendor.version" value="Corretto-17.0.5.8.1"/>
    <property name="localRepository" value="C:\Users\IKU.PL\.m2\repository"/>
    <property name="java.vendor.url.bug" value="https://github.com/corretto/corretto-17/issues/"/>
    <property name="java.io.tmpdir" value="C:\Users\IKU.PL\AppData\Local\Temp\"/>
    <property name="idea.version" value="2023.3.3"/>
    <property name="java.version" value="17.0.5"/>
    <property name="user.dir" value="E:\CodeCool\storeware calculator\storeware calculator\simple-calculator"/>
    <property name="os.arch" value="amd64"/>
    <property name="java.vm.specification.name" value="Java Virtual Machine Specification"/>
    <property name="sun.os.patch.level" value=""/>
    <property name="native.encoding" value="Cp1250"/>
    <property name="java.library.path" value="C:\Users\IKU.PL\.jdks\corretto-17.0.5\bin;C:\Windows\Sun\Java\bin;C:\Windows\system32;C:\Windows;C:\Program Files\Common Files\Oracle\Java\javapath;C:\Windows\system32;C:\Windows;C:\Windows\System32\Wbem;C:\Windows\System32\WindowsPowerShell\v1.0\;C:\Windows\System32\OpenSSH\;C:\Program Files\Git\cmd;C:\Program Files\nodejs\;C:\Program Files\Amazon\AWSCLIV2\;C:\Program Files\NVIDIA Corporation\NVIDIA NvDLISR;C:\Program Files\PostgreSQL\14\bin;C:\Users\IKU.PL\AppData\Local\Programs\Python\Python310\Scripts\;C:\Users\IKU.PL\AppData\Local\Programs\Python\Python310\;C:\Users\IKU.PL\AppData\Local\Microsoft\WindowsApps;C:\Users\IKU.PL\AppData\Local\Programs\Microsoft VS Code\bin;C:\Program Files\heroku\bin;C:\CodeCool\apache-maven-3.8.6\bin;C:\Users\IKU.PL\AppData\Roaming\npm;C:\Program Files\Java\jdk-17\bin;;."/>
    <property name="java.vm.info" value="mixed mode, sharing"/>
    <property name="java.vendor" value="Amazon.com Inc."/>
    <property name="java.vm.version" value="17.0.5+8-LTS"/>
    <property name="sun.io.unicode.encoding" value="UnicodeLittle"/>
    <property name="java.class.version" value="61.0"/>
  </properties>
  <testcase name="when_manyAddOperationWithFloatingPointNumbers_then_returnResult" classname="com.michal.calculator.application.core.CalculationHandlerTest" time="0.076"/>
  <testcase name="when_manyDivisionOperationWithNaturalNumbers_then_returnResult" classname="com.michal.calculator.application.core.CalculationHandlerTest" time="0.001"/>
  <testcase name="when_onlyApplyExpression_then_returnResult" classname="com.michal.calculator.application.core.CalculationHandlerTest" time="0.001"/>
  <testcase name="when_singleDivisionOperationWithNaturalNumbers_then_returnResult" classname="com.michal.calculator.application.core.CalculationHandlerTest" time="0.001"/>
  <testcase name="when_singleAddOperationWithNaturalNumbers_then_returnResult" classname="com.michal.calculator.application.core.CalculationHandlerTest" time="0.001"/>
  <testcase name="when_manyOperationWithNaturalNumbers_then_returnResult" classname="com.michal.calculator.application.core.CalculationHandlerTest" time="0.001"/>
  <testcase name="when_singleSubtractionOperationWithNaturalNumbers_then_returnResult" classname="com.michal.calculator.application.core.CalculationHandlerTest" time="0.001"/>
  <testcase name="when_manyDivisionOperationWithFloatingPointNumbers_then_returnResult" classname="com.michal.calculator.application.core.CalculationHandlerTest" time="0.0"/>
  <testcase name="when_manyMultiplicationOperationWithFloatingPointNumbers_then_returnResult" classname="com.michal.calculator.application.core.CalculationHandlerTest" time="0.0"/>
  <testcase name="when_manyMultiplicationOperationWithNaturalNumbers_then_returnResult" classname="com.michal.calculator.application.core.CalculationHandlerTest" time="0.001"/>
  <testcase name="when_manyOperationWithFloatingPointNumbers_then_returnResult" classname="com.michal.calculator.application.core.CalculationHandlerTest" time="0.001"/>
  <testcase name="when_singleMultiplicationOperationWithNaturalNumbers_then_returnResult" classname="com.michal.calculator.application.core.CalculationHandlerTest" time="0.001"/>
  <testcase name="when_manySubtractionOperationWithNaturalNumbers_then_returnResult" classname="com.michal.calculator.application.core.CalculationHandlerTest" time="0.001"/>
  <testcase name="when_manyOperationWithLargeFloatingPointNumbers_then_returnResult" classname="com.michal.calculator.application.core.CalculationHandlerTest" time="0.001"/>
  <testcase name="when_divideBy0_then_throwException" classname="com.michal.calculator.application.core.CalculationHandlerTest" time="0.011"/>
  <testcase name="when_manyAddOperationWithNaturalNumbers_then_returnResult" classname="com.michal.calculator.application.core.CalculationHandlerTest" time="0.001"/>
  <testcase name="when_manySubtractionOperationWithFloatingPointNumbers_then_returnResult" classname="com.michal.calculator.application.core.CalculationHandlerTest" time="0.001"/>
  <testcase name="when_noOperator_then_throwException" classname="com.michal.calculator.application.core.CalculationHandlerTest" time="0.002"/>
</testsuite>